c:\users\winga\source\repos\waveout\waveout\x64\release\vc145.pdb
c:\users\winga\source\repos\waveout\waveout\x64\release\pianorollrenderer.obj
c:\users\winga\source\repos\waveout\waveout\x64\release\options.obj
c:\users\winga\source\repos\waveout\waveout\x64\release\notesegmentor.obj
c:\users\winga\source\repos\waveout\waveout\x64\release\note.obj
c:\users\winga\source\repos\waveout\waveout\x64\release\minibpm.obj
c:\users\winga\source\repos\waveout\waveout\x64\release\midimessage.obj
c:\users\winga\source\repos\waveout\waveout\x64\release\midimaker.obj
c:\users\winga\source\repos\waveout\waveout\x64\release\midifile.obj
c:\users\winga\source\repos\waveout\waveout\x64\release\midieventlist.obj
c:\users\winga\source\repos\waveout\waveout\x64\release\midievent.obj
c:\users\winga\source\repos\waveout\waveout\x64\release\keydetection.obj
c:\users\winga\source\repos\waveout\waveout\x64\release\highquality.obj
c:\users\winga\source\repos\waveout\waveout\x64\release\global.obj
c:\users\winga\source\repos\waveout\waveout\x64\release\functions.obj
c:\users\winga\source\repos\waveout\waveout\x64\release\filter.obj
c:\users\winga\source\repos\waveout\waveout\x64\release\effects.obj
c:\users\winga\source\repos\waveout\waveout\x64\release\dsp.obj
c:\users\winga\source\repos\waveout\waveout\x64\release\chunk.obj
c:\users\winga\source\repos\waveout\waveout\x64\release\bpmdetection.obj
c:\users\winga\source\repos\waveout\waveout\x64\release\binasc.obj
c:\users\winga\source\repos\waveout\waveout\x64\release\waveout.obj
c:\users\winga\source\repos\waveout\waveout\x64\release\waveformwindow.obj
c:\users\winga\source\repos\waveout\waveout\x64\release\util.obj
c:\users\winga\source\repos\waveout\waveout\x64\release\stemseperator.obj
c:\users\winga\source\repos\waveout\waveout\x64\release\spectrogramwindow.obj
c:\users\winga\source\repos\waveout\waveout\x64\release\keys.h.ifc
c:\users\winga\source\repos\waveout\waveout\x64\release\keys.h.ifc.d.json
c:\users\winga\source\repos\waveout\waveout\x64\release\keys.h.obj
c:\users\winga\source\repos\waveout\x64\release\waveout.exe
c:\users\winga\source\repos\waveout\x64\release\waveout.pdb
c:\users\winga\source\repos\waveout\x64\release\fftw3.dll
c:\users\winga\source\repos\waveout\waveout\x64\release\keys.h.module.json
c:\users\winga\source\repos\waveout\waveout\x64\release\waveout.ipdb
c:\users\winga\source\repos\waveout\waveout\x64\release\waveout.iobj
c:\users\winga\source\repos\waveout\waveout\x64\release\waveout.tlog\cl.command.1.tlog
c:\users\winga\source\repos\waveout\waveout\x64\release\waveout.tlog\cl.items.tlog
c:\users\winga\source\repos\waveout\waveout\x64\release\waveout.tlog\cl.read.1.tlog
c:\users\winga\source\repos\waveout\waveout\x64\release\waveout.tlog\cl.write.1.tlog
c:\users\winga\source\repos\waveout\waveout\x64\release\waveout.tlog\link.command.1.tlog
c:\users\winga\source\repos\waveout\waveout\x64\release\waveout.tlog\link.read.1.tlog
c:\users\winga\source\repos\waveout\waveout\x64\release\waveout.tlog\link.secondary.1.tlog
c:\users\winga\source\repos\waveout\waveout\x64\release\waveout.tlog\link.write.1.tlog
c:\users\winga\source\repos\waveout\waveout\x64\release\waveout.tlog\waveout.write.1u.tlog
c:\users\winga\source\repos\waveout\waveout\x64\release\waveout_md.tlog\cl.command.1.tlog
c:\users\winga\source\repos\waveout\waveout\x64\release\waveout_md.tlog\microsoft.build.cpptasks.cl.read.1.tlog
c:\users\winga\source\repos\waveout\waveout\x64\release\waveout_md.tlog\microsoft.build.cpptasks.cl.write.1.tlog
