c:\users\winga\source\repos\waveout\waveout\x64\debug\vc142.pdb
c:\users\winga\source\repos\waveout\waveout\x64\debug\vc142.idb
c:\users\winga\source\repos\waveout\waveout\x64\debug\waveout.obj
c:\users\winga\source\repos\waveout\waveout\x64\debug\util.obj
c:\users\winga\source\repos\waveout\waveout\x64\debug\options.obj
c:\users\winga\source\repos\waveout\waveout\x64\debug\notesegmentor.obj
c:\users\winga\source\repos\waveout\waveout\x64\debug\note.obj
c:\users\winga\source\repos\waveout\waveout\x64\debug\minibpm.obj
c:\users\winga\source\repos\waveout\waveout\x64\debug\midimessage.obj
c:\users\winga\source\repos\waveout\waveout\x64\debug\midimaker.obj
c:\users\winga\source\repos\waveout\waveout\x64\debug\midifile.obj
c:\users\winga\source\repos\waveout\waveout\x64\debug\midieventlist.obj
c:\users\winga\source\repos\waveout\waveout\x64\debug\midievent.obj
c:\users\winga\source\repos\waveout\waveout\x64\debug\highquality.obj
c:\users\winga\source\repos\waveout\waveout\x64\debug\global.obj
c:\users\winga\source\repos\waveout\waveout\x64\debug\functions.obj
c:\users\winga\source\repos\waveout\waveout\x64\debug\filter.obj
c:\users\winga\source\repos\waveout\waveout\x64\debug\effects.obj
c:\users\winga\source\repos\waveout\waveout\x64\debug\chunk.obj
c:\users\winga\source\repos\waveout\waveout\x64\debug\binasc.obj
c:\users\winga\source\repos\waveout\waveout\x64\debug\keys.h.ifc
c:\users\winga\source\repos\waveout\waveout\x64\debug\keys.h.ifc.d.json
c:\users\winga\source\repos\waveout\waveout\x64\debug\keys.h.obj
c:\users\winga\source\repos\waveout\waveout\x64\debug\waveout.ilk
c:\users\winga\source\repos\waveout\x64\debug\waveout.exe
c:\users\winga\source\repos\waveout\x64\debug\waveout.pdb
c:\users\winga\source\repos\waveout\waveout\x64\debug\keys.h.module.json
c:\users\winga\source\repos\waveout\waveout\x64\debug\waveout.tlog\cl.command.1.tlog
c:\users\winga\source\repos\waveout\waveout\x64\debug\waveout.tlog\cl.read.1.tlog
c:\users\winga\source\repos\waveout\waveout\x64\debug\waveout.tlog\cl.write.1.tlog
c:\users\winga\source\repos\waveout\waveout\x64\debug\waveout.tlog\link.command.1.tlog
c:\users\winga\source\repos\waveout\waveout\x64\debug\waveout.tlog\link.read.1.tlog
c:\users\winga\source\repos\waveout\waveout\x64\debug\waveout.tlog\link.write.1.tlog
c:\users\winga\source\repos\waveout\waveout\x64\debug\waveout_md.tlog\cl.command.1.tlog
c:\users\winga\source\repos\waveout\waveout\x64\debug\waveout_md.tlog\microsoft.build.cpptasks.cl.read.1.tlog
c:\users\winga\source\repos\waveout\waveout\x64\debug\waveout_md.tlog\microsoft.build.cpptasks.cl.write.1.tlog
