  waveOut.cpp
C:\Users\winga\source\repos\waveOut\waveOut\Util.h(72,1): warning C4267: '=': conversion from 'size_t' to 'int', possible loss of data
C:\Users\winga\source\repos\waveOut\waveOut\Util.h(73,1): warning C4267: '=': conversion from 'size_t' to 'int', possible loss of data
C:\Users\winga\source\repos\waveOut\waveOut\filter.cpp(34,1): warning C4244: '+=': conversion from '_Ty' to 'short', possible loss of data
          with
          [
              _Ty=double
          ]
C:\Users\winga\source\repos\waveOut\waveOut\filter.cpp(52,1): warning C4244: '+=': conversion from '_Ty' to 'short', possible loss of data
          with
          [
              _Ty=double
          ]
C:\Users\winga\source\repos\waveOut\waveOut\filter.cpp(116,1): warning C4244: '+=': conversion from '_Ty' to 'short', possible loss of data
          with
          [
              _Ty=long double
          ]
C:\Users\winga\source\repos\waveOut\waveOut\filter.cpp(134,1): warning C4244: '+=': conversion from '_Ty' to 'short', possible loss of data
          with
          [
              _Ty=long double
          ]
C:\Users\winga\source\repos\waveOut\waveOut\filter.cpp(149,1): warning C4267: 'initializing': conversion from 'size_t' to 'int', possible loss of data
C:\Users\winga\source\repos\waveOut\waveOut\filter.cpp(166,1): warning C4267: 'initializing': conversion from 'size_t' to 'int', possible loss of data
C:\Users\winga\source\repos\waveOut\waveOut\filter.cpp(167,1): warning C4267: 'initializing': conversion from 'size_t' to 'int', possible loss of data
C:\Users\winga\source\repos\waveOut\waveOut\filter.cpp(224,1): warning C4267: 'argument': conversion from 'size_t' to 'int', possible loss of data
C:\Users\winga\source\repos\waveOut\waveOut\filter.cpp(236,14): warning C4244: 'initializing': conversion from 'double' to 'int', possible loss of data
C:\Users\winga\source\repos\waveOut\waveOut\filter.cpp(242,1): warning C4267: 'argument': conversion from 'size_t' to 'int', possible loss of data
C:\Users\winga\source\repos\waveOut\waveOut\filter.cpp(247,23): warning C4244: '=': conversion from 'double' to '_Ty', possible loss of data
          with
          [
              _Ty=short
          ]
C:\Users\winga\source\repos\waveOut\waveOut\filter.cpp(262,1): warning C4267: 'argument': conversion from 'size_t' to 'int', possible loss of data
C:\Users\winga\source\repos\waveOut\waveOut\filter.cpp(273,14): warning C4244: 'initializing': conversion from 'double' to 'int', possible loss of data
C:\Users\winga\source\repos\waveOut\waveOut\filter.cpp(279,1): warning C4267: 'argument': conversion from 'size_t' to 'int', possible loss of data
C:\Users\winga\source\repos\waveOut\waveOut\filter.cpp(284,25): warning C4244: '=': conversion from 'double' to '_Ty', possible loss of data
          with
          [
              _Ty=short
          ]
C:\Users\winga\source\repos\waveOut\waveOut\filter.cpp(300,1): warning C4267: 'argument': conversion from 'size_t' to 'int', possible loss of data
C:\Users\winga\source\repos\waveOut\waveOut\filter.cpp(317,14): warning C4244: 'initializing': conversion from 'double' to 'int', possible loss of data
C:\Users\winga\source\repos\waveOut\waveOut\filter.cpp(323,1): warning C4267: 'argument': conversion from 'size_t' to 'int', possible loss of data
C:\Users\winga\source\repos\waveOut\waveOut\filter.cpp(328,23): warning C4244: '=': conversion from 'double' to '_Ty', possible loss of data
          with
          [
              _Ty=short
          ]
C:\Users\winga\source\repos\waveOut\waveOut\filter.cpp(342,1): warning C4267: 'argument': conversion from 'size_t' to 'int', possible loss of data
C:\Users\winga\source\repos\waveOut\waveOut\filter.cpp(358,14): warning C4244: 'initializing': conversion from 'double' to 'int', possible loss of data
C:\Users\winga\source\repos\waveOut\waveOut\filter.cpp(364,1): warning C4267: 'argument': conversion from 'size_t' to 'int', possible loss of data
C:\Users\winga\source\repos\waveOut\waveOut\filter.cpp(369,25): warning C4244: '=': conversion from 'double' to '_Ty', possible loss of data
          with
          [
              _Ty=short
          ]
C:\Users\winga\source\repos\waveOut\waveOut\filter.cpp(390,1): warning C4267: 'argument': conversion from 'size_t' to 'int', possible loss of data
C:\Users\winga\source\repos\waveOut\waveOut\filter.cpp(402,14): warning C4244: 'initializing': conversion from 'double' to 'int', possible loss of data
C:\Users\winga\source\repos\waveOut\waveOut\filter.cpp(408,1): warning C4267: 'argument': conversion from 'size_t' to 'int', possible loss of data
C:\Users\winga\source\repos\waveOut\waveOut\filter.cpp(424,32): warning C4244: '=': conversion from 'double' to '_Ty', possible loss of data
          with
          [
              _Ty=short
          ]
C:\Users\winga\source\repos\waveOut\waveOut\filter.cpp(442,1): warning C4267: 'argument': conversion from 'size_t' to 'int', possible loss of data
C:\Users\winga\source\repos\waveOut\waveOut\filter.cpp(453,14): warning C4244: 'initializing': conversion from 'double' to 'int', possible loss of data
C:\Users\winga\source\repos\waveOut\waveOut\filter.cpp(459,1): warning C4267: 'argument': conversion from 'size_t' to 'int', possible loss of data
C:\Users\winga\source\repos\waveOut\waveOut\filter.cpp(476,34): warning C4244: '=': conversion from 'double' to '_Ty', possible loss of data
          with
          [
              _Ty=short
          ]
C:\Users\winga\source\repos\waveOut\waveOut\Keys.h(123,2): warning C4091: 'static ': ignored on left of 'Keys' when no variable is declared
C:\Users\winga\source\repos\waveOut\waveOut\waveOut.cpp(213,8): warning C4101: 'D': unreferenced local variable
C:\Users\winga\source\repos\waveOut\waveOut\waveOut.cpp(222,26): warning C4267: 'initializing': conversion from 'size_t' to 'int', possible loss of data
C:\Users\winga\source\repos\waveOut\waveOut\waveOut.cpp(241,43): warning C4267: 'initializing': conversion from 'size_t' to 'int', possible loss of data
C:\Users\winga\source\repos\waveOut\waveOut\waveOut.cpp(277,17): warning C4838: conversion from 'double' to 'DWORD' requires a narrowing conversion
C:\Users\winga\source\repos\waveOut\waveOut\waveOut.cpp(277,17): warning C4244: 'initializing': conversion from 'double' to 'DWORD', possible loss of data
C:\Users\winga\source\repos\waveOut\waveOut\waveOut.cpp(278,6): warning C4838: conversion from 'int' to 'DWORD' requires a narrowing conversion
C:\Users\winga\source\repos\waveOut\waveOut\waveOut.cpp(279,6): warning C4838: conversion from 'short' to 'WORD' requires a narrowing conversion
C:\Users\winga\source\repos\waveOut\waveOut\waveOut.cpp(280,6): warning C4838: conversion from 'short' to 'WORD' requires a narrowing conversion
C:\Users\winga\source\repos\waveOut\waveOut\waveOut.cpp(292,50): warning C4267: 'initializing': conversion from 'size_t' to 'int', possible loss of data
C:\Users\winga\source\repos\waveOut\waveOut\waveOut.cpp(342,22): warning C4244: 'initializing': conversion from 'double' to 'float', possible loss of data
C:\Users\winga\source\repos\waveOut\waveOut\waveOut.cpp(344,17): warning C4244: 'initializing': conversion from 'float' to 'int', possible loss of data
C:\Users\winga\source\repos\waveOut\waveOut\waveOut.cpp(345,53): warning C4267: 'initializing': conversion from 'size_t' to 'int', possible loss of data
C:\Users\winga\source\repos\waveOut\waveOut\waveOut.cpp(390,20): warning C4244: 'initializing': conversion from '__int64' to 'double', possible loss of data
C:\Users\winga\source\repos\waveOut\waveOut\waveOut.cpp(270,8): warning C4101: 'block': unreferenced local variable
  waveOut.vcxproj -> C:\Users\winga\source\repos\waveOut\x64\Debug\waveOut.exe
